<?xml version="1.0" encoding="UTF-8"?>
<testng-results ignored="0" total="3" passed="3" failed="0" skipped="0">
  <reporter-output>
  </reporter-output>
  <suite started-at="2023-11-10T14:30:15 IST" name="Flipkart Scenario Suite" finished-at="2023-11-10T14:30:35 IST" duration-ms="19601">
    <groups>
    </groups>
    <test started-at="2023-11-10T14:30:15 IST" name="Flipkart Test" finished-at="2023-11-10T14:30:35 IST" duration-ms="19601">
      <class name="Capstone_flipkart_SC1.Flipkart_SC1">
        <test-method is-config="true" signature="SetUp(java.lang.String)[pri:0, instance:Capstone_flipkart_SC1.Flipkart_SC1@7fd50002]" started-at="2023-11-10T14:30:11 IST" name="SetUp" finished-at="2023-11-10T14:30:15 IST" duration-ms="3826" status="PASS">
          <params>
            <param index="0">
              <value>
                <![CDATA[https://www.flipkart.com/]]>
              </value>
            </param>
          </params>
          <reporter-output>
          </reporter-output>
        </test-method> <!-- SetUp -->
        <test-method signature="flipkartLogoVerification()[pri:1, instance:Capstone_flipkart_SC1.Flipkart_SC1@7fd50002]" started-at="2023-11-10T14:30:15 IST" name="flipkartLogoVerification" finished-at="2023-11-10T14:30:15 IST" duration-ms="219" status="PASS">
          <reporter-output>
          </reporter-output>
        </test-method> <!-- flipkartLogoVerification -->
        <test-method signature="searchForTheProduct()[pri:2, instance:Capstone_flipkart_SC1.Flipkart_SC1@7fd50002]" started-at="2023-11-10T14:30:15 IST" name="searchForTheProduct" finished-at="2023-11-10T14:30:17 IST" duration-ms="1686" status="PASS">
          <reporter-output>
          </reporter-output>
        </test-method> <!-- searchForTheProduct -->
        <test-method signature="addingProductToCart()[pri:3, instance:Capstone_flipkart_SC1.Flipkart_SC1@7fd50002]" started-at="2023-11-10T14:30:17 IST" name="addingProductToCart" finished-at="2023-11-10T14:30:35 IST" duration-ms="17647" status="PASS">
          <reporter-output>
          </reporter-output>
        </test-method> <!-- addingProductToCart -->
        <test-method is-config="true" signature="tearDown()[pri:0, instance:Capstone_flipkart_SC1.Flipkart_SC1@7fd50002]" started-at="2023-11-10T14:30:35 IST" name="tearDown" finished-at="2023-11-10T14:30:36 IST" duration-ms="840" status="PASS">
          <reporter-output>
          </reporter-output>
        </test-method> <!-- tearDown -->
      </class> <!-- Capstone_flipkart_SC1.Flipkart_SC1 -->
    </test> <!-- Flipkart Test -->
  </suite> <!-- Flipkart Scenario Suite -->
</testng-results>
