<?xml version="1.0" encoding="UTF-8"?>
<!-- Generated by org.testng.reporters.JUnitXMLReporter -->
<testsuite ignored="0" hostname="551fbf9261005fd" failures="0" tests="3" name="Flipkart Test" time="19.601" errors="0" timestamp="2023-11-10T14:30:35 IST">
  <testcase classname="Capstone_flipkart_SC1.Flipkart_SC1" name="flipkartLogoVerification" time="0.219"/>
  <testcase classname="Capstone_flipkart_SC1.Flipkart_SC1" name="searchForTheProduct" time="1.686"/>
  <testcase classname="Capstone_flipkart_SC1.Flipkart_SC1" name="addingProductToCart" time="17.647"/>
</testsuite> <!-- Flipkart Test -->
